PRT1
38
61
4 0 4 (144 185 -81 ) (144 185 31 ) (16 185 31 ) (16 185 -81 ) 
4 1 3 (200 89 79 ) (136 89 79 ) (136 121 79 ) (200 121 79 ) 
4 2 3 (104 121 79 ) (104 89 79 ) (40 89 79 ) (40 121 79 ) 
4 3 27 (232 0 79 ) (0 0 79 ) (0 0 31 ) (232 0 31 ) 
4 3 15 (0 0 31 ) (0 0 79 ) (0 25 79 ) (0 25 31 ) 
4 3 12 (0 25 79 ) (0 69 79 ) (0 69 31 ) (0 25 31 ) 
4 3 10 (0 125 79 ) (0 185 79 ) (0 185 31 ) (0 125 31 ) 
4 3 11 (0 69 79 ) (0 125 79 ) (0 125 31 ) (0 69 31 ) 
4 3 5 (232 45 31 ) (232 0 31 ) (210 0 31 ) (210 45 31 ) 
4 3 6 (210 0 31 ) (0 0 31 ) (0 163 31 ) (210 163 31 ) 
4 3 4 (0 185 31 ) (162 185 31 ) (162 163 31 ) (0 163 31 ) 
4 4 10 (0 163 31 ) (0 185 31 ) (0 185 -81 ) (0 163 -81 ) 
4 4 6 (0 163 -81 ) (162 163 -81 ) (162 163 31 ) (0 163 31 ) 
4 5 27 (210 0 -81 ) (232 0 -81 ) (232 0 31 ) (210 0 31 ) 
4 5 6 (210 45 -81 ) (210 0 -81 ) (210 0 31 ) (210 45 31 ) 
4 6 27 (0 0 31 ) (0 0 -81 ) (210 0 -81 ) (210 0 31 ) 
4 6 15 (0 0 -81 ) (0 0 31 ) (0 25 31 ) (0 25 -81 ) 
4 6 12 (0 25 31 ) (0 69 31 ) (0 69 -81 ) (0 25 -81 ) 
4 6 10 (0 125 31 ) (0 163 31 ) (0 163 -81 ) (0 125 -81 ) 
4 6 11 (0 69 31 ) (0 125 31 ) (0 125 -81 ) (0 69 -81 ) 
4 7 13 (-120 65 79 ) (-120 129 79 ) (-88 129 79 ) (-88 65 79 ) 
4 8 13 (-183.968994 129 79 ) (-152 129 79 ) (-152 65 79 ) (-183.968994 65 79 ) 
4 9 13 (-96 185 -81 ) (-40 185 -81 ) (-40 185 79 ) (-96 185 79 ) 
4 10 11 (-16 125 -81 ) (0 125 -81 ) (0 125 79 ) (-16 125 79 ) 
4 11 13 (-24 125 -81 ) (-24 69 -81 ) (-24 69 79 ) (-24 125 79 ) 
4 11 12 (-16 69 -81 ) (0 69 -81 ) (0 69 79 ) (-16 69 79 ) 
4 12 15 (-16 25 -81 ) (0 25 -81 ) (0 25 79 ) (-16 25 79 ) 
4 13 14 (-248 135 -81 ) (-248 79 -81 ) (-248 79 79 ) (-248 135 79 ) 
4 15 34 (0 0 -81 ) (0 0 79 ) (-44 0 79 ) (-44 0 -81 ) 
4 15 16 (-44 25 79 ) (-44 25 31 ) (-44 3 31 ) (-44 3 79 ) 
4 15 17 (-44 25 -43 ) (-44 25 -81 ) (-44 3 -81 ) (-44 3 -43 ) 
4 15 18 (-44 3 -81 ) (-44 0 -81 ) (-44 0 79 ) (-44 3 79 ) 
4 16 19 (-80 25 79 ) (-80 25 31 ) (-80 3 31 ) (-80 3 79 ) 
4 16 18 (-80 3 79 ) (-80 3 31 ) (-44 3 31 ) (-44 3 79 ) 
4 17 18 (-80 3 -43 ) (-80 3 -81 ) (-44 3 -81 ) (-44 3 -43 ) 
4 18 34 (-44 0 79 ) (-80 0 79 ) (-80 0 -81 ) (-44 0 -81 ) 
4 18 20 (-80 3 -81 ) (-80 0 -81 ) (-80 0 79 ) (-80 3 79 ) 
4 19 21 (-116 25 79 ) (-116 25 31 ) (-116 3 31 ) (-116 3 79 ) 
4 19 20 (-116 3 79 ) (-116 3 -43 ) (-80 3 -43 ) (-80 3 79 ) 
4 20 34 (-80 0 79 ) (-116 0 79 ) (-116 0 -81 ) (-80 0 -81 ) 
4 20 22 (-116 3 -81 ) (-116 0 -81 ) (-116 0 79 ) (-116 3 79 ) 
4 21 23 (-188 25 79 ) (-188 25 31 ) (-188 3 31 ) (-188 3 79 ) 
4 21 22 (-188 3 79 ) (-188 3 31 ) (-116 3 31 ) (-116 3 79 ) 
4 22 34 (-116 0 79 ) (-188 0 79 ) (-188 0 -81 ) (-116 0 -81 ) 
4 22 23 (-188 3 -81 ) (-188 0 -81 ) (-188 0 79 ) (-188 3 79 ) 
4 23 34 (-188 0 79 ) (-248 0 79 ) (-248 0 -81 ) (-188 0 -81 ) 
4 24 27 (136 -39 79 ) (136 -7 79 ) (200 -7 79 ) (200 -39 79 ) 
4 25 27 (40 -39 79 ) (40 -7 79 ) (104 -7 79 ) (104 -39 79 ) 
4 26 28 (40 -135 79 ) (40 -103 79 ) (104 -103 79 ) (104 -135 79 ) 
4 27 34 (0 0 79 ) (0 0 -81 ) (0 -71 -81 ) (0 -71 79 ) 
4 27 28 (0 -71 -81 ) (136 -71 -81 ) (136 -71 79 ) (0 -71 79 ) 
4 28 34 (0 -71 -81 ) (0 -167 -81 ) (0 -167 79 ) (0 -71 79 ) 
4 28 29 (0 -167 -81 ) (72 -167 -81 ) (72 -167 31 ) (0 -167 31 ) 
4 29 36 (0 -167 -81 ) (0 -171 -81 ) (0 -171 31 ) (0 -167 31 ) 
4 30 34 (-88 -39 79 ) (-88 -7 79 ) (-24 -7 79 ) (-24 -39 79 ) 
4 31 34 (-88 -135 79 ) (-88 -103 79 ) (-24 -103 79 ) (-24 -135 79 ) 
4 32 34 (-216 -39 79 ) (-216 -7 79 ) (-152 -7 79 ) (-152 -39 79 ) 
4 33 34 (-216 -135 79 ) (-216 -103 79 ) (-152 -103 79 ) (-152 -135 79 ) 
4 34 37 (-212 -167 -81 ) (-84 -167 -81 ) (-84 -167 31 ) (-212 -167 31 ) 
4 34 36 (-56 -167 -81 ) (0 -167 -81 ) (0 -167 31 ) (-56 -167 31 ) 
4 34 35 (-248 -23 -81 ) (-248 -79 -81 ) (-248 -79 79 ) (-248 -23 79 ) 
