PRT1
163
221
4 0 1 (3094 2449 8 ) (3094 2393 8 ) (3094 2393 120 ) (3094 2449 120 ) 
4 1 2 (3086 2449 8 ) (3086 2393 8 ) (3086 2393 120 ) (3086 2449 120 ) 
4 2 3 (3074 2393 8 ) (3074 2393 120 ) (3074 2449 120 ) (3074 2449 8 ) 
4 3 25 (3072 2381 120 ) (3072 2461 120 ) (3072 2461 8 ) (3072 2381 8 ) 
4 4 8 (2623 3240 8 ) (2623 3184 8 ) (2623 3184 120 ) (2623 3240 120 ) 
4 5 9 (2303 3240 8 ) (2607 3240 8 ) (2607 3240 120 ) (2303 3240 120 ) 
4 5 7 (2607 3240 120 ) (2607 3240 136 ) (2303 3240 136 ) (2303 3240 120 ) 
4 6 15 (2048 3252 8 ) (2048 3240 8 ) (2048 3240 120 ) (2048 3252 120 ) 
4 6 11 (2048 3240 8 ) (2283 3240 8 ) (2283 3240 120 ) (2048 3240 120 ) 
4 7 12 (2607 3184 136 ) (2303 3184 136 ) (2303 3184 120 ) (2607 3184 120 ) 
4 7 9 (2607 3184 120 ) (2303 3184 120 ) (2303 3240 120 ) (2607 3240 120 ) 
4 8 9 (2615 3184 8 ) (2615 3184 120 ) (2615 3240 120 ) (2615 3240 8 ) 
4 9 13 (2303 3184 8 ) (2607 3184 8 ) (2607 3184 120 ) (2303 3184 120 ) 
4 9 10 (2295 3184 8 ) (2295 3184 120 ) (2295 3240 120 ) (2295 3240 8 ) 
4 10 11 (2283 3184 8 ) (2283 3184 120 ) (2283 3240 120 ) (2283 3240 8 ) 
4 11 18 (2048 3240 8 ) (2048 3184 8 ) (2048 3184 120 ) (2048 3240 120 ) 
4 11 14 (2048 3184 8 ) (2283 3184 8 ) (2283 3184 120 ) (2048 3184 120 ) 
4 12 41 (2427 3072 136 ) (2342.375000 3072 136 ) (2342.375000 3072 120 ) (2427 3072 120 ) 
4 12 32 (2483 3072 136 ) (2427 3072 136 ) (2427 3072 120 ) (2483 3072 120 ) 
4 12 28 (2567.625000 3072 136 ) (2483 3072 136 ) (2483 3072 120 ) (2567.625000 3072 120 ) 
6 12 13 (2342.372070 3072 120 ) (2303 3116.996094 120 ) (2303 3184 120 ) (2607 3184 120 ) (2607 3117 120 ) (2567.625000 3072 120 ) 
4 13 41 (2342.375000 3072 120 ) (2342.374756 3072 8 ) (2427 3072 8 ) (2427 3072 120 ) 
4 13 34 (2427 3072 8 ) (2483 3072 8 ) (2483 3072 120 ) (2427 3072 120 ) 
4 13 28 (2483 3072 8 ) (2567.625000 3072 8 ) (2567.625000 3072 120 ) (2483 3072 120 ) 
4 14 22 (2048 3184 8 ) (2048 3172 8 ) (2048 3172 120 ) (2048 3184 120 ) 
4 15 18 (1843 3240 8 ) (2048 3240 8 ) (2048 3240 120 ) (1843 3240 120 ) 
4 16 20 (1519 3240 8 ) (1823 3240 8 ) (1823 3240 120 ) (1519 3240 120 ) 
4 16 17 (1823 3240 120 ) (1823 3240 136 ) (1519 3240 136 ) (1519 3240 120 ) 
4 17 23 (1519 3184 120 ) (1823 3184 120 ) (1823 3184 136 ) (1519 3184 136 ) 
4 17 20 (1823 3184 120 ) (1519 3184 120 ) (1519 3240 120 ) (1823 3240 120 ) 
4 18 22 (1843 3184 8 ) (2048 3184 8 ) (2048 3184 120 ) (1843 3184 120 ) 
4 18 19 (1831 3184 8 ) (1831 3184 120 ) (1831 3240 120 ) (1831 3240 8 ) 
4 19 20 (1823 3184 8 ) (1823 3184 120 ) (1823 3240 120 ) (1823 3240 8 ) 
4 20 23 (1519 3184 8 ) (1823 3184 8 ) (1823 3184 120 ) (1519 3184 120 ) 
4 20 21 (1511 3184 8 ) (1511 3184 120 ) (1511 3240 120 ) (1511 3240 8 ) 
4 21 24 (1503 3240 8 ) (1503 3184 8 ) (1503 3184 120 ) (1503 3240 120 ) 
4 23 45 (1558.374756 3072 8 ) (1783.625000 3072 8 ) (1783.625000 3072 136 ) (1558.374756 3072 136 ) 
4 25 26 (2634 2449 8 ) (2634 2393 8 ) (2634 2393 120 ) (2634 2449 120 ) 
4 26 27 (2622 2449 120 ) (2622 2449 8 ) (2622 2393 8 ) (2622 2393 120 ) 
4 27 30 (2614 2449 8 ) (2614 2393 8 ) (2614 2393 120 ) (2614 2449 120 ) 
4 28 34 (2483 3072 8 ) (2483 3053 8 ) (2483 3053 120 ) (2483 3072 120 ) 
4 28 32 (2483 3053 120 ) (2483 3053 136 ) (2483 3072 136 ) (2483 3072 120 ) 
4 29 36 (2483 3033 8 ) (2483 2593 8 ) (2483 2593 120 ) (2483 3033 120 ) 
4 30 38 (2483 2573 8 ) (2483 2269 8 ) (2483 2269 120 ) (2483 2573 120 ) 
4 30 33 (2483 2269 120 ) (2483 2269 136 ) (2483 2573 136 ) (2483 2573 120 ) 
4 31 46 (2483 2048 120 ) (2483 2048 8 ) (2495 2048 8 ) (2495 2048 120 ) 
4 31 40 (2483 2249 8 ) (2483 2048 8 ) (2483 2048 120 ) (2483 2249 120 ) 
4 32 41 (2427 3053 136 ) (2427 3072 136 ) (2427 3072 120 ) (2427 3053 120 ) 
4 32 34 (2427 3053 120 ) (2427 3072 120 ) (2483 3072 120 ) (2483 3053 120 ) 
4 33 43 (2427 2269 136 ) (2427 2573 136 ) (2427 2573 120 ) (2427 2269 120 ) 
4 33 38 (2427 2269 120 ) (2427 2573 120 ) (2483 2573 120 ) (2483 2269 120 ) 
4 34 41 (2427 3072 8 ) (2427 3053 8 ) (2427 3053 120 ) (2427 3072 120 ) 
4 34 35 (2483 3053 8 ) (2483 3053 120 ) (2427 3053 120 ) (2427 3053 8 ) 
4 35 36 (2483 3045 8 ) (2483 3045 120 ) (2427 3045 120 ) (2427 3045 8 ) 
4 36 42 (2427 3033 8 ) (2427 2593 8 ) (2427 2593 120 ) (2427 3033 120 ) 
4 36 37 (2483 2593 8 ) (2483 2593 120 ) (2427 2593 120 ) (2427 2593 8 ) 
4 37 38 (2483 2581 8 ) (2483 2581 120 ) (2427 2581 120 ) (2427 2581 8 ) 
4 38 43 (2427 2573 8 ) (2427 2269 8 ) (2427 2269 120 ) (2427 2573 120 ) 
4 38 39 (2483 2269 8 ) (2483 2269 120 ) (2427 2269 120 ) (2427 2269 8 ) 
4 39 40 (2483 2261 8 ) (2483 2261 120 ) (2427 2261 120 ) (2427 2261 8 ) 
4 40 46 (2427 2048 120 ) (2427 2048 8 ) (2483 2048 8 ) (2483 2048 120 ) 
4 40 44 (2427 2249 8 ) (2427 2048 8 ) (2427 2048 120 ) (2427 2249 120 ) 
4 44 46 (2415 2048 8 ) (2427 2048 8 ) (2427 2048 120 ) (2415 2048 120 ) 
4 46 47 (2427 1809 8 ) (2483 1809 8 ) (2483 1809 120 ) (2427 1809 120 ) 
4 47 48 (2427 1797 120 ) (2427 1797 8 ) (2483 1797 8 ) (2483 1797 120 ) 
4 48 50 (2427 1789 8 ) (2483 1789 8 ) (2483 1789 120 ) (2427 1789 120 ) 
4 49 54 (2623 1658 8 ) (2815 1658 8 ) (2815 1658 120 ) (2623 1658 120 ) 
4 49 52 (2815 1658 120 ) (2815 1658 132 ) (2623 1658 132 ) (2623 1658 120 ) 
4 50 56 (2303 1658 8 ) (2607 1658 8 ) (2607 1658 120 ) (2303 1658 120 ) 
4 50 53 (2607 1658 120 ) (2607 1658 136 ) (2303 1658 136 ) (2303 1658 120 ) 
4 51 62 (2048 1670 8 ) (2048 1658 8 ) (2048 1658 120 ) (2048 1670 120 ) 
4 51 58 (2048 1658 8 ) (2283 1658 8 ) (2283 1658 120 ) (2048 1658 120 ) 
4 52 59 (2815 1602 132 ) (2623 1602 132 ) (2623 1602 120 ) (2815 1602 120 ) 
4 52 54 (2815 1602 120 ) (2623 1602 120 ) (2623 1658 120 ) (2815 1658 120 ) 
4 53 60 (2607 1602 136 ) (2303 1602 136 ) (2303 1602 120 ) (2607 1602 120 ) 
4 53 56 (2607 1602 120 ) (2303 1602 120 ) (2303 1658 120 ) (2607 1658 120 ) 
4 54 59 (2623 1602 8 ) (2815 1602 8 ) (2815 1602 120 ) (2623 1602 120 ) 
4 54 55 (2623 1602 8 ) (2623 1602 120 ) (2623 1658 120 ) (2623 1658 8 ) 
4 55 56 (2615 1602 8 ) (2615 1602 120 ) (2615 1658 120 ) (2615 1658 8 ) 
4 56 60 (2303 1602 8 ) (2607 1602 8 ) (2607 1602 120 ) (2303 1602 120 ) 
4 56 57 (2303 1602 8 ) (2303 1602 120 ) (2303 1658 120 ) (2303 1658 8 ) 
4 57 58 (2295 1602 8 ) (2295 1602 120 ) (2295 1658 120 ) (2295 1658 8 ) 
4 58 68 (2048 1658 8 ) (2048 1602 8 ) (2048 1602 120 ) (2048 1658 120 ) 
4 58 61 (2048 1602 8 ) (2283 1602 8 ) (2283 1602 120 ) (2048 1602 120 ) 
4 61 75 (2048 1602 8 ) (2048 1590 8 ) (2048 1590 120 ) (2048 1602 120 ) 
4 62 68 (1843 1658 8 ) (2048 1658 8 ) (2048 1658 120 ) (1843 1658 120 ) 
4 63 70 (1519 1658 8 ) (1823 1658 8 ) (1823 1658 120 ) (1519 1658 120 ) 
4 63 66 (1823 1658 120 ) (1823 1658 136 ) (1519 1658 136 ) (1519 1658 120 ) 
4 64 72 (1059 1658 8 ) (1499 1658 8 ) (1499 1658 120 ) (1059 1658 120 ) 
4 65 103 (1024 1742 8 ) (1024 1658 8 ) (1024 1658 136 ) (1024 1742 136 ) 
4 65 74 (1024 1658 8 ) (1039 1658 8 ) (1039 1658 120 ) (1024 1658 120 ) 
4 65 67 (1039 1658 120 ) (1039 1658 136 ) (1024 1658 136 ) (1024 1658 120 ) 
4 66 76 (1519 1602 120 ) (1823 1602 120 ) (1823 1602 136 ) (1519 1602 136 ) 
4 66 70 (1823 1602 120 ) (1519 1602 120 ) (1519 1658 120 ) (1823 1658 120 ) 
4 67 105 (1024 1658 136 ) (1024 1658 120 ) (1024 1602 120 ) (1024 1602 136 ) 
4 67 78 (1024 1602 136 ) (1024 1602 120 ) (1039 1602 120 ) (1039 1602 136 ) 
4 67 74 (1039 1602 120 ) (1024 1602 120 ) (1024 1658 120 ) (1039 1658 120 ) 
4 68 75 (1843 1602 8 ) (2048 1602 8 ) (2048 1602 120 ) (1843 1602 120 ) 
4 68 69 (1843 1602 8 ) (1843 1602 120 ) (1843 1658 120 ) (1843 1658 8 ) 
4 69 70 (1831 1602 8 ) (1831 1602 120 ) (1831 1658 120 ) (1831 1658 8 ) 
4 70 76 (1519 1602 8 ) (1823 1602 8 ) (1823 1602 120 ) (1519 1602 120 ) 
4 70 71 (1519 1602 8 ) (1519 1602 120 ) (1519 1658 120 ) (1519 1658 8 ) 
4 71 72 (1511 1602 8 ) (1511 1602 120 ) (1511 1658 120 ) (1511 1658 8 ) 
4 72 77 (1059 1602 8 ) (1499 1602 8 ) (1499 1602 120 ) (1059 1602 120 ) 
4 72 73 (1059 1602 8 ) (1059 1602 120 ) (1059 1658 120 ) (1059 1658 8 ) 
4 73 74 (1047 1602 8 ) (1047 1602 120 ) (1047 1658 120 ) (1047 1658 8 ) 
4 74 106 (1024 1658 120 ) (1024 1658 8 ) (1024 1602 8 ) (1024 1602 120 ) 
4 74 78 (1024 1602 120 ) (1024 1602 8 ) (1039 1602 8 ) (1039 1602 120 ) 
4 76 79 (1643 1471 8 ) (1699 1471 8 ) (1699 1471 120 ) (1643 1471 120 ) 
4 78 109 (1024 1517.857178 136 ) (1024 1602 136 ) (1024 1602 8 ) (1024 1517.857178 8 ) 
4 79 80 (1643 1463 120 ) (1643 1463 8 ) (1699 1463 8 ) (1699 1463 120 ) 
4 80 81 (1643 1451 8 ) (1699 1451 8 ) (1699 1451 120 ) (1643 1451 120 ) 
4 81 86 (1711 1024 120 ) (1631 1024 120 ) (1631 1024 8 ) (1711 1024 8 ) 
4 82 83 (2303 860 8 ) (2303 804 8 ) (2303 804 120 ) (2303 860 120 ) 
4 83 84 (2295 860 120 ) (2295 860 8 ) (2295 804 8 ) (2295 804 120 ) 
4 84 85 (2283 860 8 ) (2283 804 8 ) (2283 804 120 ) (2283 860 120 ) 
4 85 96 (2048 792 120 ) (2048 804 120 ) (2048 804 8 ) (2048 792 8 ) 
4 85 92 (2048 804 120 ) (2048 860 120 ) (2048 860 8 ) (2048 804 8 ) 
4 85 89 (2048 860 120 ) (2048 872 120 ) (2048 872 8 ) (2048 860 8 ) 
4 86 87 (1643 1011 8 ) (1699 1011 8 ) (1699 1011 120 ) (1643 1011 120 ) 
4 87 88 (1699 999 8 ) (1699 999 120 ) (1643 999 120 ) (1643 999 8 ) 
4 88 90 (1643 991 8 ) (1699 991 8 ) (1699 991 120 ) (1643 991 120 ) 
4 89 92 (1843 860 8 ) (2048 860 8 ) (2048 860 120 ) (1843 860 120 ) 
4 90 94 (1519 860 8 ) (1823 860 8 ) (1823 860 120 ) (1519 860 120 ) 
4 90 91 (1823 860 120 ) (1823 860 136 ) (1519 860 136 ) (1519 860 120 ) 
4 91 97 (1519 804 120 ) (1823 804 120 ) (1823 804 136 ) (1519 804 136 ) 
4 91 94 (1823 804 120 ) (1519 804 120 ) (1519 860 120 ) (1823 860 120 ) 
4 92 96 (1843 804 8 ) (2048 804 8 ) (2048 804 120 ) (1843 804 120 ) 
4 92 93 (1843 804 8 ) (1843 804 120 ) (1843 860 120 ) (1843 860 8 ) 
4 93 94 (1831 804 8 ) (1831 804 120 ) (1831 860 120 ) (1831 860 8 ) 
4 94 97 (1519 804 8 ) (1823 804 8 ) (1823 804 120 ) (1519 804 120 ) 
4 94 95 (1511 804 8 ) (1511 804 120 ) (1511 860 120 ) (1511 860 8 ) 
4 95 100 (1503 860 8 ) (1503 804 8 ) (1503 804 120 ) (1503 860 120 ) 
4 98 118 (1024 727 136 ) (1024 951 136 ) (1024 951 132 ) (1024 727 132 ) 
4 98 102 (1040 744 132 ) (1040 743 132 ) (1024 727 132 ) (1024 744 132 ) 
4 98 101 (1040 920 132 ) (1040 744 132 ) (1024 744 132 ) (1024 920 132 ) 
4 98 99 (1040 935 132 ) (1040 920 132 ) (1024 920 132 ) (1024 951 132 ) 
4 99 118 (1024 920 132 ) (1024 951 132 ) (1024 951 8 ) (1024 920 8 ) 
4 99 101 (1024 920 8 ) (1040 920 8 ) (1040 920 132 ) (1024 920 132 ) 
4 101 118 (1024 744 132 ) (1024 920 132 ) (1024 920 8 ) (1024 744 8 ) 
4 101 102 (1024 744 8 ) (1040 744 8 ) (1040 744 132 ) (1024 744 132 ) 
4 102 118 (1024 727 132 ) (1024 744 132 ) (1024 744 8 ) (1024 727 8 ) 
4 103 106 (735 1658 120 ) (735 1658 8 ) (1024 1658 8 ) (1024 1658 120 ) 
4 103 105 (1024 1658 136 ) (735 1658 136 ) (735 1658 120 ) (1024 1658 120 ) 
4 104 108 (275 1658 120 ) (275 1658 8 ) (715 1658 8 ) (715 1658 120 ) 
4 105 109 (1024 1602 136 ) (735 1602 136 ) (735 1602 120 ) (1024 1602 120 ) 
4 105 106 (1024 1602 120 ) (735 1602 120 ) (735 1658 120 ) (1024 1658 120 ) 
4 106 109 (735 1602 8 ) (1024 1602 8 ) (1024 1602 120 ) (735 1602 120 ) 
4 106 107 (727 1602 8 ) (727 1602 120 ) (727 1658 120 ) (727 1658 8 ) 
4 107 108 (715 1602 8 ) (715 1602 120 ) (715 1658 120 ) (715 1658 8 ) 
4 108 114 (275 1658 8 ) (275 1602 8 ) (275 1602 120 ) (275 1658 120 ) 
4 108 110 (275 1602 120 ) (275 1602 8 ) (715 1602 8 ) (715 1602 120 ) 
4 109 111 (859 1471 8 ) (915 1471 8 ) (915 1471 120 ) (859 1471 120 ) 
4 111 112 (859 1463 120 ) (859 1463 8 ) (915 1463 8 ) (915 1463 120 ) 
4 112 113 (859 1451 8 ) (915 1451 8 ) (915 1451 120 ) (859 1451 120 ) 
4 113 124 (859 1024 120 ) (847 1024 120 ) (847 1024 8 ) (859 1024 8 ) 
4 113 120 (915 1024 120 ) (859 1024 120 ) (859 1024 8 ) (915 1024 8 ) 
4 113 117 (927 1024 120 ) (915 1024 120 ) (915 1024 8 ) (927 1024 8 ) 
4 114 115 (263 1658 120 ) (263 1658 8 ) (263 1602 8 ) (263 1602 120 ) 
4 115 116 (255 1658 8 ) (255 1602 8 ) (255 1602 120 ) (255 1658 120 ) 
4 117 120 (915 1024 8 ) (915 1011 8 ) (915 1011 120 ) (915 1024 120 ) 
4 118 122 (915 991 8 ) (915 687 8 ) (915 687 120 ) (915 991 120 ) 
4 118 119 (915 687 120 ) (915 687 136 ) (915 991 136 ) (915 991 120 ) 
4 119 125 (859 687 136 ) (859 991 136 ) (859 991 120 ) (859 687 120 ) 
4 119 122 (859 687 120 ) (859 991 120 ) (915 991 120 ) (915 687 120 ) 
4 120 124 (859 1024 8 ) (859 1011 8 ) (859 1011 120 ) (859 1024 120 ) 
4 120 121 (915 1011 8 ) (915 1011 120 ) (859 1011 120 ) (859 1011 8 ) 
4 121 122 (915 999 8 ) (915 999 120 ) (859 999 120 ) (859 999 8 ) 
4 122 125 (859 991 8 ) (859 687 8 ) (859 687 120 ) (859 991 120 ) 
4 122 123 (915 679 8 ) (915 679 120 ) (859 679 120 ) (859 679 8 ) 
4 123 126 (859 671 8 ) (915 671 8 ) (915 671 120 ) (859 671 120 ) 
4 125 127 (728 867 8 ) (728 811 8 ) (728 811 120 ) (728 867 120 ) 
4 127 128 (720 867 120 ) (720 867 8 ) (720 811 8 ) (720 811 120 ) 
4 128 129 (708 867 8 ) (708 811 8 ) (708 811 120 ) (708 867 120 ) 
4 129 132 (268 867 8 ) (268 811 8 ) (268 811 120 ) (268 867 120 ) 
4 130 141 (0 992 8 ) (0 867 8 ) (0 867 136 ) (0 992 136 ) 
4 130 133 (0 867 8 ) (248 867 8 ) (248 867 120 ) (0 867 120 ) 
4 130 131 (248 867 120 ) (248 867 136 ) (0 867 136 ) (0 867 120 ) 
4 131 145 (0 811 120 ) (0 811 136 ) (0 867 136 ) (0 867 120 ) 
4 131 134 (248 811 136 ) (0 811 136 ) (0 811 120 ) (248 811 120 ) 
4 131 133 (248 811 120 ) (0 811 120 ) (0 867 120 ) (248 867 120 ) 
4 132 133 (256 811 8 ) (256 811 120 ) (256 867 120 ) (256 867 8 ) 
4 133 148 (0 867 8 ) (0 811 8 ) (0 811 120 ) (0 867 120 ) 
4 133 134 (0 811 8 ) (248 811 8 ) (248 811 120 ) (0 811 120 ) 
4 134 155 (0 811 8 ) (0 680 8 ) (0 680 136 ) (0 811 136 ) 
4 134 135 (68 680 8 ) (124 680 8 ) (124 680 120 ) (68 680 120 ) 
4 135 136 (68 672 120 ) (68 672 8 ) (124 672 8 ) (124 672 120 ) 
4 136 137 (68 660 8 ) (124 660 8 ) (124 660 120 ) (68 660 120 ) 
4 137 138 (68 220 8 ) (124 220 8 ) (124 220 120 ) (68 220 120 ) 
4 138 139 (68 208 120 ) (68 208 8 ) (124 208 8 ) (124 208 120 ) 
4 139 140 (68 200 8 ) (124 200 8 ) (124 200 120 ) (68 200 120 ) 
4 141 148 (-56 867 8 ) (0 867 8 ) (0 867 120 ) (-56 867 120 ) 
4 141 145 (0 867 120 ) (0 867 136 ) (-56 867 136 ) (-56 867 120 ) 
4 142 150 (-516 867 8 ) (-76 867 8 ) (-76 867 120 ) (-516 867 120 ) 
4 143 152 (-840 867 8 ) (-536 867 8 ) (-536 867 120 ) (-840 867 120 ) 
4 143 146 (-536 867 120 ) (-536 867 136 ) (-840 867 136 ) (-840 867 120 ) 
4 144 162 (-1024 927 8 ) (-1024 867 8 ) (-1024 867 132 ) (-1024 927 132 ) 
4 144 154 (-1024 867 8 ) (-856 867 8 ) (-856 867 120 ) (-1024 867 120 ) 
4 144 147 (-856 867 120 ) (-856 867 132 ) (-1024 867 132 ) (-1024 867 120 ) 
4 145 155 (0 811 120 ) (0 811 136 ) (-56 811 136 ) (-56 811 120 ) 
4 145 148 (0 811 120 ) (-56 811 120 ) (-56 867 120 ) (0 867 120 ) 
4 146 157 (-536 811 136 ) (-840 811 136 ) (-840 811 120 ) (-536 811 120 ) 
4 146 152 (-536 811 120 ) (-840 811 120 ) (-840 867 120 ) (-536 867 120 ) 
4 147 162 (-1024 867 132 ) (-1024 867 120 ) (-1024 811 120 ) (-1024 811 132 ) 
4 147 158 (-1024 811 132 ) (-1024 811 120 ) (-856 811 120 ) (-856 811 132 ) 
4 147 154 (-856 811 120 ) (-1024 811 120 ) (-1024 867 120 ) (-856 867 120 ) 
4 148 155 (-56 811 8 ) (0 811 8 ) (0 811 120 ) (-56 811 120 ) 
4 148 149 (-64 811 8 ) (-64 811 120 ) (-64 867 120 ) (-64 867 8 ) 
4 149 150 (-76 811 8 ) (-76 811 120 ) (-76 867 120 ) (-76 867 8 ) 
4 150 156 (-516 811 8 ) (-76 811 8 ) (-76 811 120 ) (-516 811 120 ) 
4 150 151 (-528 811 8 ) (-528 811 120 ) (-528 867 120 ) (-528 867 8 ) 
4 151 152 (-536 811 8 ) (-536 811 120 ) (-536 867 120 ) (-536 867 8 ) 
4 152 157 (-840 811 8 ) (-536 811 8 ) (-536 811 120 ) (-840 811 120 ) 
4 152 153 (-848 811 8 ) (-848 811 120 ) (-848 867 120 ) (-848 867 8 ) 
4 153 154 (-856 811 8 ) (-856 811 120 ) (-856 867 120 ) (-856 867 8 ) 
4 154 162 (-1024 867 120 ) (-1024 867 8 ) (-1024 811 8 ) (-1024 811 120 ) 
4 154 158 (-1024 811 8 ) (-856 811 8 ) (-856 811 120 ) (-1024 811 120 ) 
4 157 159 (-716 680 8 ) (-660 680 8 ) (-660 680 120 ) (-716 680 120 ) 
4 158 162 (-1024 811 132 ) (-1024 811 8 ) (-1024 751 8 ) (-1024 751 132 ) 
4 159 160 (-716 672 120 ) (-716 672 8 ) (-660 672 8 ) (-660 672 120 ) 
4 160 161 (-716 664 8 ) (-660 664 8 ) (-660 664 120 ) (-716 664 120 ) 
