


materialPath: C:\Program Files (x86)\Steam\steamapps\common\Source SDK Base 2013 Multiplayer\garrysmod\materials
Loading C:\users\user\Desktop\tilebased-map-generator\zc_combined_9A8D0KV6_180.vmf
Map revision 107
Could not locate GameData file garrysmod.fgd
fixing up env_cubemap materials on brush sides...
0...1...2...3...4...5...6...7...8...9...100...1...2...3...4...5...6...7...8...9...10Processing areas...done (0)
Building Faces...done (0)
Chop Details...done (0)
Find Visible Detail Sides...
Merged 552 detail faces...done (0)
Merging details...done (0)
FixTjuncs...
PruneNodes...
WriteBSP...
done (1)
writing C:\users\user\Desktop\tilebased-map-generator\zc_combined_9A8D0KV6_180.prt...Building visibility clusters...
done (0)
Finding displacement neighbors...
Finding lightmap sample positions...
Displacement Alpha : 0...1...2...3...4...5...6...7...8...9...10
Building Physics collision data...
done (0) (1092847 bytes)
Placing detail props : 0...1...2...3...4...5...6...7...8...9...10
Compacting texture/material tables...
Reduced 554 texinfos to 303
Reduced 17 texdatas to 16 (434 bytes to 374)
Writing C:\users\user\Desktop\tilebased-map-generator\zc_combined_9A8D0KV6_180.bsp
Wrote ZIP buffer, estimated size 174505, actual size 173889
3 seconds elapsed



8 threads
reading c:\users\user\desktop\tilebased-map-generator\zc_combined_9A8D0KV6_180.bsp
reading c:\users\user\desktop\tilebased-map-generator\zc_combined_9A8D0KV6_180.prt
1445 portalclusters
2571 numportals
0...1...2...3...4...5...6...7...8...9...100...1...2...3...4...5...6...7...8...9...10Optimized: 209 visible clusters (0.00%)
Total clusters visible: 121788
Average clusters visible: 84
Building PAS...
Average clusters audible: 257
visdatasize:154553  compressed from 531760
writing c:\users\user\desktop\tilebased-map-generator\zc_combined_9A8D0KV6_180.bsp
1 second elapsed



[Reading texlights from 'lights.rad']
[2 texlights parsed from 'lights.rad']

Loading c:\users\user\desktop\tilebased-map-generator\zc_combined_9A8D0KV6_180.bsp
7192 faces
290281 square feet [41800488.00 square inches]
0 Displacements
0 Square Feet [0.00 Square Inches]
7192 patches before subdivision
47136 patches after subdivision
203 direct lights
0...1...2...3...4...5...6...7...8...9...100...1...2...3...4...5...6...7...8...9...10transfers 3127823, max 336
transfer lists:  23.9 megs
0...1...2...3...4...5...6...7...8...9...10	Bounce #1 added RGB(558516, 436056, 263185)
0...1...2...3...4...5...6...7...8...9...10	Bounce #2 added RGB(143836, 89156, 32285)
0...1...2...3...4...5...6...7...8...9...10	Bounce #3 added RGB(38930, 19009, 4288)
0...1...2...3...4...5...6...7...8...9...10	Bounce #4 added RGB(10465, 4005, 591)
0...1...2...3...4...5...6...7...8...9...10	Bounce #5 added RGB(2835, 850, 88)
0...1...2...3...4...5...6...7...8...9...10	Bounce #6 added RGB(770, 181, 14)
0...1...2...3...4...5...6...7...8...9...10	Bounce #7 added RGB(210, 39, 2)
0...1...2...3...4...5...6...7...8...9...10	Bounce #8 added RGB(58, 8, 0)
0...1...2...3...4...5...6...7...8...9...10	Bounce #9 added RGB(16, 2, 0)
0...1...2...3...4...5...6...7...8...9...10	Bounce #10 added RGB(4, 0, 0)
0...1...2...3...4...5...6...7...8...9...10	Bounce #11 added RGB(1, 0, 0)
0...1...2...3...4...5...6...7...8...9...10	Bounce #12 added RGB(0, 0, 0)
Build Patch/Sample Hash Table(s).....Done<0.0168 sec>
0...1...2...3...4...5...6...7...8...9...10FinalLightFace Done
0 of 0 (0% of) surface lights went in leaf ambient cubes.
0...1...2...3...4...5...6...7...8...9...10Writing leaf ambient...done
Computing static prop lighting : 00...1...2...3...4...5...6...7...8...9...10
Ready to Finish

Object names       Objects/Maxobjs  Memory / Maxmem  Fullness 
------------       ---------------  ---------------  -------- 
models                  22/4096         1056/196608   ( 0.5%) 
brushes               3184/32768       38208/393216   ( 9.7%) 
brushsides           19536/65536      156288/524288   (29.8%) 
planes                3536/65536       70720/1310720  ( 5.4%) 
vertexes             14386/65536      172632/786432   (22.0%) 
nodes                 3946/65536      126272/2097152  ( 6.0%) 
texinfos               303/12288       21816/884736   ( 2.5%) 
texdata                 16/2048          512/65536    ( 0.8%) 
dispinfos                0/0               0/0        ( 0.0%) 
disp_verts               0/0               0/0        ( 0.0%) 
disp_tris                0/0               0/0        ( 0.0%) 
disp_lmsamples           0/0               0/0        ( 0.0%) 
faces                 7192/65536      402752/3670016  (11.0%) 
hdr faces                0/65536           0/3670016  ( 0.0%) 
origfaces             5317/65536      297752/3670016  ( 8.1%) 
leaves                3969/65536      127008/2097152  ( 6.1%) 
leaffaces             8269/65536       16538/131072   (12.6%) 
leafbrushes           6308/65536       12616/131072   ( 9.6%) 
areas                  183/1024         1464/8192     (17.9%) 
surfedges            57233/512000     228932/2048000  (11.2%) 
edges                40263/256000     161052/1024000  (15.7%) 
LDR worldlights        203/16384       17864/1441792  ( 1.2%) 
HDR worldlights          0/16384           0/1441792  ( 0.0%) 
leafwaterdata            0/32768           0/393216   ( 0.0%) 
waterstrips            777/131072       7770/1310720  ( 0.6%) 
waterverts               0/131072          0/1572864  ( 0.0%) 
waterindices         14649/131072      29298/262144   (11.2%) 
cubemapsamples           0/1024            0/16384    ( 0.0%) 
overlays                 0/1024            0/360448   ( 0.0%) 
LDR lightdata         [variable]     3351412/0        ( 0.0%) 
HDR lightdata         [variable]           0/0        ( 0.0%) 
visdata               [variable]      154553/16777216 ( 0.9%) 
entdata               [variable]      457175/393216   (116.3%) VERY FULL!
LDR ambient table     3969/65536       15876/262144   ( 6.1%) 
HDR ambient table     3969/65536       15876/262144   ( 6.1%) 
LDR leaf ambient     13126/65536      367528/1835008  (20.0%) 
HDR leaf ambient      3969/65536      111132/1835008  ( 6.1%) 
occluders                0/0               0/0        ( 0.0%) 
occluder polygons        0/0               0/0        ( 0.0%) 
occluder vert ind        0/0               0/0        ( 0.0%) 
detail props          [variable]           1/12       ( 8.3%) 
static props          [variable]           1/13940    ( 0.0%) 
pakfile               [variable]     1051301/0        ( 0.0%) 
physics               [variable]     1092847/4194304  (26.1%) 
physics terrain       [variable]           2/1048576  ( 0.0%) 

Level flags = 1

Total triangle count: 21365
Writing c:\users\user\desktop\tilebased-map-generator\zc_combined_9A8D0KV6_180.bsp
19 seconds elapsed



[Reading texlights from 'lights.rad']
[2 texlights parsed from 'lights.rad']

Loading c:\users\user\desktop\tilebased-map-generator\zc_combined_9A8D0KV6_180.bsp
7192 faces
290281 square feet [41800488.00 square inches]
0 Displacements
0 Square Feet [0.00 Square Inches]
7192 patches before subdivision
47136 patches after subdivision
203 direct lights
0...1...2...3...4...5...6...7...8...9...100...1...2...3...4...5...6...7...8...9...10transfers 3127823, max 336
transfer lists:  23.9 megs
0...1...2...3...4...5...6...7...8...9...10	Bounce #1 added RGB(558516, 436056, 263185)
0...1...2...3...4...5...6...7...8...9...10	Bounce #2 added RGB(143836, 89156, 32285)
0...1...2...3...4...5...6...7...8...9...10	Bounce #3 added RGB(38930, 19009, 4288)
0...1...2...3...4...5...6...7...8...9...10	Bounce #4 added RGB(10465, 4005, 591)
0...1...2...3...4...5...6...7...8...9...10	Bounce #5 added RGB(2835, 850, 88)
0...1...2...3...4...5...6...7...8...9...10	Bounce #6 added RGB(770, 181, 14)
0...1...2...3...4...5...6...7...8...9...10	Bounce #7 added RGB(210, 39, 2)
0...1...2...3...4...5...6...7...8...9...10	Bounce #8 added RGB(58, 8, 0)
0...1...2...3...4...5...6...7...8...9...10	Bounce #9 added RGB(16, 2, 0)
0...1...2...3...4...5...6...7...8...9...10	Bounce #10 added RGB(4, 0, 0)
0...1...2...3...4...5...6...7...8...9...10	Bounce #11 added RGB(1, 0, 0)
0...1...2...3...4...5...6...7...8...9...10	Bounce #12 added RGB(0, 0, 0)
Build Patch/Sample Hash Table(s).....Done<0.0161 sec>
0...1...2...3...4...5...6...7...8...9...10FinalLightFace Done
0 of 0 (0% of) surface lights went in leaf ambient cubes.
0...1...2...3...4...5...6...7...8...9...10Writing leaf ambient...done
Computing static prop lighting : 00...1...2...3...4...5...6...7...8...9...10
Ready to Finish

Object names       Objects/Maxobjs  Memory / Maxmem  Fullness 
------------       ---------------  ---------------  -------- 
models                  22/4096         1056/196608   ( 0.5%) 
brushes               3184/32768       38208/393216   ( 9.7%) 
brushsides           19536/65536      156288/524288   (29.8%) 
planes                3536/65536       70720/1310720  ( 5.4%) 
vertexes             14386/65536      172632/786432   (22.0%) 
nodes                 3946/65536      126272/2097152  ( 6.0%) 
texinfos               303/12288       21816/884736   ( 2.5%) 
texdata                 16/2048          512/65536    ( 0.8%) 
dispinfos                0/0               0/0        ( 0.0%) 
disp_verts               0/0               0/0        ( 0.0%) 
disp_tris                0/0               0/0        ( 0.0%) 
disp_lmsamples           0/0               0/0        ( 0.0%) 
faces                 7192/65536      402752/3670016  (11.0%) 
hdr faces             7192/65536      402752/3670016  (11.0%) 
origfaces             5317/65536      297752/3670016  ( 8.1%) 
leaves                3969/65536      127008/2097152  ( 6.1%) 
leaffaces             8269/65536       16538/131072   (12.6%) 
leafbrushes           6308/65536       12616/131072   ( 9.6%) 
areas                  183/1024         1464/8192     (17.9%) 
surfedges            57233/512000     228932/2048000  (11.2%) 
edges                40263/256000     161052/1024000  (15.7%) 
LDR worldlights        203/16384       17864/1441792  ( 1.2%) 
HDR worldlights        203/16384       17864/1441792  ( 1.2%) 
leafwaterdata            0/32768           0/393216   ( 0.0%) 
waterstrips            777/131072       7770/1310720  ( 0.6%) 
waterverts               0/131072          0/1572864  ( 0.0%) 
waterindices         14649/131072      29298/262144   (11.2%) 
cubemapsamples           0/1024            0/16384    ( 0.0%) 
overlays                 0/1024            0/360448   ( 0.0%) 
LDR lightdata         [variable]     3351412/0        ( 0.0%) 
HDR lightdata         [variable]     3351412/0        ( 0.0%) 
visdata               [variable]      154553/16777216 ( 0.9%) 
entdata               [variable]      457175/393216   (116.3%) VERY FULL!
LDR ambient table     3969/65536       15876/262144   ( 6.1%) 
HDR ambient table     3969/65536       15876/262144   ( 6.1%) 
LDR leaf ambient     13126/65536      367528/1835008  (20.0%) 
HDR leaf ambient     13126/65536      367528/1835008  (20.0%) 
occluders                0/0               0/0        ( 0.0%) 
occluder polygons        0/0               0/0        ( 0.0%) 
occluder vert ind        0/0               0/0        ( 0.0%) 
detail props          [variable]           1/12       ( 8.3%) 
static props          [variable]           1/13940    ( 0.0%) 
pakfile               [variable]     1930169/0        ( 0.0%) 
physics               [variable]     1092847/4194304  (26.1%) 
physics terrain       [variable]           2/1048576  ( 0.0%) 

Level flags = 3

Total triangle count: 21365
Writing c:\users\user\desktop\tilebased-map-generator\zc_combined_9A8D0KV6_180.bsp
19 seconds elapsed
