


materialPath: C:\Program Files (x86)\Steam\steamapps\common\Source SDK Base 2013 Multiplayer\garrysmod\materials
Loading C:\users\user\Desktop\tilebased-map-generator\zc_clean_office_4BZKVA6N_320.vmf
Map revision 12
material "alkaline/clean_floora" not found.
Material not found!: ALKALINE/CLEAN_FLOORA
ConVarRef mat_reduceparticles doesn't point to an existing ConVar
material "alkaline/clean_wallb" not found.
Material not found!: ALKALINE/CLEAN_WALLB
material "alkaline/clean_ceilinga" not found.
Material not found!: ALKALINE/CLEAN_CEILINGA
material "alkaline/clean_metala" not found.
Material not found!: ALKALINE/CLEAN_METALA
material "alkaline/clean_walla" not found.
Material not found!: ALKALINE/CLEAN_WALLA
material "alkaline/clean_doorsb" not found.
Material not found!: ALKALINE/CLEAN_DOORSB
material "alkaline/clean_floorc" not found.
Material not found!: ALKALINE/CLEAN_FLOORC
material "alkaline/clean_doorsa" not found.
Material not found!: ALKALINE/CLEAN_DOORSA
Brush 2147483647: MAX_MAP_BRUSHSIDES
Side 5
Texture: ALKALINE/CLEAN_METALA
